<?xml version="1.0" encoding="UTF-8"?>
<robot generator="Robot 7.3.2 (Python 3.12.7 on win32)" generated="2025-10-30T11:34:45.275176" rpa="false" schemaversion="5">
<suite id="s1" name="App &amp; Convert Tour Plan">
<suite id="s1-s1" name="App" source="C:\Users\AmymaUsman\PycharmProjects\SmartRep2\App\App.robot">
<test id="s1-s1-t1" name="Open Application" line="18">
<kw name="Open Application" owner="AppiumLibrary">
<arg>${REMOTE_URL}</arg>
<arg>platformName=${PLATFORM_NAME}</arg>
<arg>deviceName=${DEVICE_NAME}</arg>
<arg>appPackage=${APP_PACKAGE}</arg>
<arg>appActivity=${APP_ACTIVITY}</arg>
<arg>automationName=${UI_AUTOMATION}</arg>
<arg>noReset=true</arg>
<arg>autoGrantPermissions=true</arg>
<doc>Opens a new application to the given Appium server.
Capabilities of appium server, Android and iOS,
Please check https://appium.io/docs/en/2.19/guides/caps/
| *Option*            | *Man.* | *Description*     |
| remote_url          | Yes    | Appium server url |
| alias               | No     | alias             |</doc>
<status status="PASS" start="2025-10-30T11:34:46.503674" elapsed="10.279837"/>
</kw>
<doc>Launch SmartRep app, switch to Sandbox, login and open Tour Plan.</doc>
<status status="PASS" start="2025-10-30T11:34:46.500674" elapsed="10.282837"/>
</test>
<status status="PASS" start="2025-10-30T11:34:45.563028" elapsed="11.221482"/>
</suite>
<suite id="s1-s2" name="Convert Tour Plan" source="C:\Users\AmymaUsman\PycharmProjects\SmartRep2\Convert_Tour_Plan\Convert_Tour_Plan.robot">
<test id="s1-s2-t1" name="Convert Tour Plan and execute Tour" line="33">
<kw name="Click Element" owner="AppiumLibrary">
<msg time="2025-10-30T11:34:56.799513" level="INFO">Clicking element 'xpath=//android.view.ViewGroup[@content-desc="Activities"]'.</msg>
<msg time="2025-10-30T11:35:03.538932" level="INFO">xpath criteria: //android.view.ViewGroup[@content-desc="Activities"]</msg>
<arg>xpath=//android.view.ViewGroup[@content-desc="Activities"]</arg>
<doc>Clicks the element identified by ``locator``.</doc>
<status status="PASS" start="2025-10-30T11:34:56.796515" elapsed="6.742417"/>
</kw>
<kw name="Click Element" owner="AppiumLibrary">
<msg time="2025-10-30T11:35:03.543940" level="INFO">Clicking element 'xpath=//android.view.ViewGroup[@content-desc="Activities"]'.</msg>
<msg time="2025-10-30T11:35:11.617728" level="INFO">xpath criteria: //android.view.ViewGroup[@content-desc="Activities"]</msg>
<arg>xpath=//android.view.ViewGroup[@content-desc="Activities"]</arg>
<doc>Clicks the element identified by ``locator``.</doc>
<status status="PASS" start="2025-10-30T11:35:03.538932" elapsed="8.078796"/>
</kw>
<kw name="Wait Until Element Is Visible" owner="AppiumLibrary">
<msg time="2025-10-30T11:35:16.760272" level="INFO">xpath criteria: //android.widget.TextView[contains(@text,"Activities")]</msg>
<arg>xpath=//android.widget.TextView[contains(@text,"Activities")]</arg>
<arg>10s</arg>
<doc>Waits until the element specified by the ``locator`` is visible.</doc>
<status status="PASS" start="2025-10-30T11:35:11.618726" elapsed="5.141546"/>
</kw>
<kw name="Sleep" owner="BuiltIn">
<msg time="2025-10-30T11:35:19.761661" level="INFO">Slept 3 seconds.</msg>
<arg>3s</arg>
<doc>Pauses the test executed for the given time.</doc>
<status status="PASS" start="2025-10-30T11:35:16.760272" elapsed="3.001389"/>
</kw>
<kw name="Input Text" owner="AppiumLibrary">
<msg time="2025-10-30T11:35:19.769199" level="INFO">Typing text 'Sarah Thompson' into text field 'xpath=//android.widget.EditText[@resource-id="@undefined/input"]'</msg>
<msg time="2025-10-30T11:35:25.471253" level="INFO">xpath criteria: //android.widget.EditText[@resource-id="@undefined/input"]</msg>
<arg>xpath=//android.widget.EditText[@resource-id="@undefined/input"]</arg>
<arg>${CONTACT_NAME}</arg>
<doc>Types the given ``text`` into the text field identified by ``locator``.</doc>
<status status="PASS" start="2025-10-30T11:35:19.762198" elapsed="5.709055"/>
</kw>
<kw name="Sleep" owner="BuiltIn">
<msg time="2025-10-30T11:35:27.472972" level="INFO">Slept 2 seconds.</msg>
<arg>2s</arg>
<doc>Pauses the test executed for the given time.</doc>
<status status="PASS" start="2025-10-30T11:35:25.472260" elapsed="2.000712"/>
</kw>
<kw name="Wait Until Element Is Visible" owner="AppiumLibrary">
<msg time="2025-10-30T11:35:40.848698" level="INFO">&lt;?xml version='1.0' encoding='UTF-8' standalone='yes' ?&gt;
&lt;hierarchy index="0" class="hierarchy" rotation="0" width="2560" height="1600"&gt;
  &lt;android.widget.FrameLayout index="0" package="com.smartrep" class="android.widget.FrameLayout" text="" checkable="false" checked="false" clickable="false" enabled="true" focusable="false" focused="false" long-clickable="false" password="false" scrollable="false" selected="false" bounds="[0,0][2560,1600]" displayed="true" a11y-important="true" screen-reader-focusable="false" drawing-order="0" showing-hint="false" text-entry-key="false" dismissable="false" a11y-focused="false" heading="false" live-region="0" context-clickable="false" content-invalid="false"&gt;
    &lt;android.widget.LinearLayout index="0" package="com.smartrep" class="android.widget.LinearLayout" text="" checkable="false" checked="false" clickable="false" enabled="true" focusable="false" focused="false" long-clickable="false" password="false" scrollable="false" selected="false" bounds="[0,0][2560,1600]" displayed="true" a11y-important="false" screen-reader-focusable="false" drawing-order="1" showing-hint="false" text-entry-key="false" dismissable="false" a11y-focused="false" heading="false" live-region="0" context-clickable="false" content-invalid="false"&gt;
      &lt;android.widget.FrameLayout index="0" package="com.smartrep" class="android.widget.FrameLayout" text="" checkable="false" checked="false" clickable="false" enabled="true" focusable="false" focused="false" long-clickable="false" password="false" scrollable="false" selected="false" bounds="[0,0][2560,1600]" displayed="true" a11y-important="false" screen-reader-focusable="false" drawing-order="2" showing-hint="false" text-entry-key="false" dismissable="false" a11y-focused="false" heading="false" live-region="0" context-clickable="false" content-invalid="false"&gt;
        &lt;android.widget.LinearLayout index="0" package="com.smartrep" class="android.widget.LinearLayout" text="" resource-id="com.smartrep:id/action_bar_root" checkable="false" checked="false" clickable="false" enabled="true" focusable="false" focused="false" long-clickable="false" password="false" scrollable="false" selected="false" bounds="[0,0][2560,1600]" displayed="true" a11y-important="false" screen-reader-focusable="false" drawing-order="1" showing-hint="false" text-entry-key="false" dismissable="false" a11y-focused="false" heading="false" live-region="0" context-clickable="false" content-invalid="false"&gt;
          &lt;android.widget.FrameLayout index="0" package="com.smartrep" class="android.widget.FrameLayout" text="" resource-id="android:id/content" checkable="false" checked="false" clickable="false" enabled="true" focusable="false" focused="false" long-clickable="false" password="false" scrollable="false" selected="false" bounds="[0,0][2560,1600]" displayed="true" a11y-important="false" screen-reader-focusable="false" drawing-order="2" showing-hint="false" text-entry-key="false" dismissable="false" a11y-focused="false" heading="false" live-region="0" context-clickable="false" content-invalid="false"&gt;
            &lt;android.widget.FrameLayout index="0" package="com.smartrep" class="android.widget.FrameLayout" text="" checkable="false" checked="false" clickable="false" enabled="true" focusable="false" focused="false" long-clickable="false" password="false" scrollable="false" selected="false" bounds="[0,0][2560,1600]" displayed="true" a11y-important="false" screen-reader-focusable="false" drawing-order="1" showing-hint="false" text-entry-key="false" dismissable="false" a11y-focused="false" heading="false" live-region="0" context-clickable="false" content-invalid="false"&gt;
              &lt;android.view.ViewGroup index="0" package="com.smartrep" class="android.view.ViewGroup" text="" checkable="false" checked="false" clickable="false" enabled="true" focusable="false" focused="false" long-clickable="false" password="false" scrollable="false" selected="false" bounds="[0,0][2560,1600]" displayed="true" a11y-important="false" screen-reader-focusable="false" drawing-order="1" showing-hint="false" text-entry-key="false" dismissable="false" a11y-focused="false" heading="false" live-region="0" context-clickable="false" content-invalid="false"&gt;
                &lt;android.view.ViewGroup index="0" package="com.smartrep" class="android.view.ViewGroup" text="" checkable="false" checked="false" clickable="false" enabled="true" focusable="false" focused="false" long-clickable="false" password="false" scrollable="false" selected="false" bounds="[0,0][2560,1600]" displayed="true" a11y-important="false" screen-reader-focusable="false" drawing-order="1" showing-hint="false" text-entry-key="false" dismissable="false" a11y-focused="false" heading="false" live-region="0" context-clickable="false" content-invalid="false"&gt;
                  &lt;android.view.ViewGroup index="0" package="com.smartrep" class="android.view.ViewGroup" text="" checkable="false" checked="false" clickable="false" enabled="true" focusable="false" focused="false" long-clickable="false" password="false" scrollable="false" selected="false" bounds="[0,0][2560,1600]" displayed="true" a11y-important="false" screen-reader-focusable="false" drawing-order="1" showing-hint="false" text-entry-key="false" dismissable="false" a11y-focused="false" heading="false" live-region="0" context-clickable="false" content-invalid="false"&gt;
                    &lt;android.view.ViewGroup index="0" package="com.smartrep" class="android.view.ViewGroup" text="" checkable="false" checked="false" clickable="false" enabled="true" focusable="false" focused="false" long-clickable="false" password="false" scrollable="false" selected="false" bounds="[0,0][2560,1600]" displayed="true" a11y-important="false" screen-reader-focusable="false" drawing-order="1" showing-hint="false" text-entry-key="false" dismissable="false" a11y-focused="false" heading="false" live-region="0" context-clickable="false" content-invalid="false"&gt;
                      &lt;android.view.ViewGroup index="0" package="com.smartrep" class="android.view.ViewGroup" text="" checkable="false" checked="false" clickable="false" enabled="true" focusable="false" focused="false" long-clickable="false" password="false" scrollable="false" selected="false" bounds="[0,0][2560,1600]" displayed="true" a11y-important="false" screen-reader-focusable="false" drawing-order="1" showing-hint="false" text-entry-key="false" dismissable="false" a11y-focused="false" heading="false" live-region="0" context-clickable="false" content-invalid="false"&gt;
                        &lt;android.view.ViewGroup index="1" package="com.smartrep" class="android.view.ViewGroup" text="" checkable="false" checked="false" clickable="false" enabled="true" focusable="false" focused="false" long-clickable="false" password="false" scrollable="false" selected="false" bounds="[0,0][2560,1600]" displayed="true" a11y-important="false" screen-reader-focusable="false" drawing-order="1" showing-hint="false" text-entry-key="false" dismissable="false" a11y-focused="false" heading="false" live-region="0" context-clickable="false" content-invalid="false"&gt;
                          &lt;android.view.ViewGroup index="0" package="com.smartrep" class="android.view.ViewGroup" text="" checkable="false" checked="false" clickable="false" enabled="true" focusable="false" focused="false" long-clickable="false" password="false" scrollable="false" selected="false" bounds="[0,0][2560,1600]" displayed="true" a11y-important="false" screen-reader-focusable="false" drawing-order="1" showing-hint="false" text-entry-key="false" dismissable="false" a11y-focused="false" heading="false" live-region="0" context-clickable="false" content-invalid="false"&gt;
                            &lt;android.widget.FrameLayout index="0" package="com.smartrep" class="android.widget.FrameLayout" text="" checkable="false" checked="false" clickable="false" enabled="true" focusable="false" focused="false" long-clickable="false" password="false" scrollable="false" selected="false" bounds="[0,0][2560,1600]" displayed="true" a11y-important="false" screen-reader-focusable="false" drawing-order="1" showing-hint="false" text-entry-key="false" dismissable="false" a11y-focused="false" heading="false" live-region="0" context-clickable="false" content-invalid="false"&gt;
                              &lt;android.view.ViewGroup index="0" package="com.smartrep" class="android.view.ViewGroup" text="" checkable="false" checked="false" clickable="false" enabled="true" focusable="false" focused="false" long-clickable="false" password="false" scrollable="false" selected="false" bounds="[0,0][2560,1600]" displayed="true" a11y-important="false" screen-reader-focusable="false" drawing-order="1" showing-hint="false" text-entry-key="false" dismissable="false" a11y-focused="false" heading="false" live-region="0" context-clickable="false" content-invalid="false"&gt;
                                &lt;android.view.ViewGroup index="0" package="com.smartrep" class="android.view.ViewGroup" text="" checkable="false" checked="false" clickable="false" enabled="true" focusable="false" focused="false" long-clickable="false" password="false" scrollable="false" selected="false" bounds="[0,0][2560,1600]" displayed="true" a11y-important="false" screen-reader-focusable="false" drawing-order="1" showing-hint="false" text-entry-key="false" dismissable="false" a11y-focused="false" heading="false" live-region="0" context-clickable="false" content-invalid="false"&gt;
                                  &lt;android.view.ViewGroup index="0" package="com.smartrep" class="android.view.ViewGroup" text="" checkable="false" checked="false" clickable="false" enabled="true" focusable="false" focused="false" long-clickable="false" password="false" scrollable="false" selected="false" bounds="[0,0][2560,1394]" displayed="true" a11y-important="false" screen-reader-focusable="false" drawing-order="1" showing-hint="false" text-entry-key="false" dismissable="false" a11y-focused="false" heading="false" live-region="0" context-clickable="false" content-invalid="false"&gt;
                                    &lt;android.widget.FrameLayout index="0" package="com.smartrep" class="android.widget.FrameLayout" text="" checkable="false" checked="false" clickable="false" enabled="true" focusable="false" focused="false" long-clickable="false" password="false" scrollable="false" selected="false" bounds="[0,0][2560,1394]" displayed="true" a11y-important="false" screen-reader-focusable="false" drawing-order="1" showing-hint="false" text-entry-key="false" dismissable="false" a11y-focused="false" heading="false" live-region="0" context-clickable="false" content-invalid="false"&gt;
                                      &lt;android.view.ViewGroup index="0" package="com.smartrep" class="android.view.ViewGroup" text="" checkable="false" checked="false" clickable="false" enabled="true" focusable="false" focused="false" long-clickable="false" password="false" scrollable="false" selected="false" bounds="[0,0][2560,1394]" displayed="true" a11y-important="false" screen-reader-focusable="false" drawing-order="1" showing-hint="false" text-entry-key="false" dismissable="false" a11y-focused="false" heading="false" live-region="0" context-clickable="false" content-invalid="false"&gt;
                                        &lt;android.view.ViewGroup index="0" package="com.smartrep" class="android.view.ViewGroup" text="" checkable="false" checked="false" clickable="false" enabled="true" focusable="false" focused="false" long-clickable="false" password="false" scrollable="false" selected="false" bounds="[0,0][2560,1394]" displayed="true" a11y-important="false" screen-reader-focusable="false" drawing-order="1" showing-hint="false" text-entry-key="false" dismissable="false" a11y-focused="false" heading="false" live-region="0" context-clickable="false" content-invalid="false"&gt;
                                          &lt;android.view.ViewGroup index="0" package="com.smartrep" class="android.view.ViewGroup" text="" checkable="false" checked="false" clickable="false" enabled="true" focusable="false" focused="false" long-clickable="false" password="false" scrollable="false" selected="false" bounds="[0,0][2560,1394]" displayed="true" a11y-important="false" screen-reader-focusable="false" drawing-order="1" showing-hint="false" text-entry-key="false" dismissable="false" a11y-focused="false" heading="false" live-region="0" context-clickable="false" content-invalid="false"&gt;
                                            &lt;android.view.ViewGroup index="0" package="com.smartrep" class="android.view.ViewGroup" text="" checkable="false" checked="false" clickable="false" enabled="true" focusable="false" focused="false" long-clickable="false" password="false" scrollable="false" selected="false" bounds="[0,0][2560,1394]" displayed="true" a11y-important="false" screen-reader-focusable="false" drawing-order="1" showing-hint="false" text-entry-key="false" dismissable="false" a11y-focused="false" heading="false" live-region="0" context-clickable="false" content-invalid="false"&gt;
                                              &lt;android.view.ViewGroup index="0" package="com.smartrep" class="android.view.ViewGroup" text="" checkable="false" checked="false" clickable="false" enabled="true" focusable="false" focused="false" long-clickable="false" password="false" scrollable="false" selected="false" bounds="[0,0][2560,1394]" displayed="true" a11y-important="false" screen-reader-focusable="false" drawing-order="1" showing-hint="false" text-entry-key="false" dismissable="false" a11y-focused="false" heading="false" live-region="0" context-clickable="false" content-invalid="false"&gt;
                                                &lt;android.widget.FrameLayout index="0" package="com.smartrep" class="android.widget.FrameLayout" text="" checkable="false" checked="false" clickable="false" enabled="true" focusable="false" focused="false" long-clickable="false" password="false" scrollable="false" selected="false" bounds="[0,0][2560,1394]" displayed="true" a11y-important="false" screen-reader-focusable="false" drawing-order="1" showing-hint="false" text-entry-key="false" dismissable="false" a11y-focused="false" heading="false" live-region="0" context-clickable="false" content-invalid="false"&gt;
                                                  &lt;android.view.ViewGroup index="0" package="com.smartrep" class="android.view.ViewGroup" text="" checkable="false" checked="false" clickable="false" enabled="true" focusable="false" focused="false" long-clickable="false" password="false" scrollable="false" selected="false" bounds="[0,0][2560,1394]" displayed="true" a11y-important="false" screen-reader-focusable="false" drawing-order="1" showing-hint="false" text-entry-key="false" dismissable="false" a11y-focused="false" heading="false" live-region="0" context-clickable="false" content-invalid="false"&gt;
                                                    &lt;android.view.ViewGroup index="1" package="com.smartrep" class="android.view.ViewGroup" text="" checkable="false" checked="false" clickable="false" enabled="true" focusable="false" focused="false" long-clickable="false" password="false" scrollable="false" selected="false" bounds="[0,0][2560,1394]" displayed="true" a11y-important="false" screen-reader-focusable="false" drawing-order="2" showing-hint="false" text-entry-key="false" dismissable="false" a11y-focused="false" heading="false" live-region="0" context-clickable="false" content-invalid="false"&gt;
                                                      &lt;android.view.ViewGroup index="0" package="com.smartrep" class="android.view.ViewGroup" text="" checkable="false" checked="false" clickable="false" enabled="true" focusable="false" focused="false" long-clickable="false" password="false" scrollable="false" selected="false" bounds="[0,0][2560,1394]" displayed="true" a11y-important="false" screen-reader-focusable="false" drawing-order="1" showing-hint="false" text-entry-key="false" dismissable="false" a11y-focused="false" heading="false" live-region="0" context-clickable="false" content-invalid="false"&gt;
                                                        &lt;android.view.ViewGroup index="0" package="com.smartrep" class="android.view.ViewGroup" text="" checkable="false" checked="false" clickable="false" enabled="true" focusable="false" focused="false" long-clickable="false" password="false" scrollable="false" selected="false" bounds="[0,0][2560,1394]" displayed="true" a11y-important="false" screen-reader-focusable="false" drawing-order="1" showing-hint="false" text-entry-key="false" dismissable="false" a11y-focused="false" heading="false" live-region="0" context-clickable="false" content-invalid="false"&gt;
                                                          &lt;android.view.ViewGroup index="0" package="com.smartrep" class="android.view.ViewGroup" text="" checkable="false" checked="false" clickable="false" enabled="true" focusable="false" focused="false" long-clickable="false" password="false" scrollable="false" selected="false" bounds="[0,0][2560,1394]" displayed="true" a11y-important="false" screen-reader-focusable="false" drawing-order="1" showing-hint="false" text-entry-key="false" dismissable="false" a11y-focused="false" heading="false" live-region="0" context-clickable="false" content-invalid="false"&gt;
                                                            &lt;android.view.ViewGroup index="1" package="com.smartrep" class="android.view.ViewGroup" text="" checkable="false" checked="false" clickable="false" enabled="true" focusable="false" focused="false" long-clickable="false" password="false" scrollable="false" selected="false" bounds="[0,0][2560,1394]" displayed="true" a11y-important="false" screen-reader-focusable="false" drawing-order="1" showing-hint="false" text-entry-key="false" dismissable="false" a11y-focused="false" heading="false" live-region="0" context-clickable="false" content-invalid="false"&gt;
                                                              &lt;android.view.ViewGroup index="0" package="com.smartrep" class="android.view.ViewGroup" text="" checkable="false" checked="false" clickable="false" enabled="true" focusable="false" focused="false" long-clickable="false" password="false" scrollable="false" selected="false" bounds="[0,48][2560,160]" displayed="true" a11y-important="false" screen-reader-focusable="false" drawing-order="1" showing-hint="false" text-entry-key="false" dismissable="false" a11y-focused="false" heading="false" live-region="0" context-clickable="false" content-invalid="false"&gt;
                                                                &lt;android.view.ViewGroup index="0" package="com.smartrep" class="android.view.ViewGroup" text="" checkable="false" checked="false" clickable="false" enabled="true" focusable="false" focused="false" long-clickable="false" password="false" scrollable="false" selected="false" bounds="[16,80][96,128]" displayed="true" a11y-important="false" screen-reader-focusable="false" drawing-order="2" showing-hint="false" text-entry-key="false" dismissable="false" a11y-focused="false" heading="false" live-region="0" context-clickable="false" content-invalid="false"&gt;
                                                                  &lt;android.view.ViewGroup index="0" package="com.smartrep" class="android.view.ViewGroup" text="" content-desc="" checkable="false" checked="false" clickable="true" enabled="true" focusable="true" focused="false" long-clickable="false" password="false" scrollable="false" selected="false" bounds="[32,80][80,128]" displayed="true" a11y-important="true" screen-reader-focusable="false" drawing-order="1" showing-hint="false" text-entry-key="false" dismissable="false" a11y-focused="false" heading="false" live-region="0" context-clickable="false" content-invalid="false"&gt;
                                                                    &lt;android.view.ViewGroup index="0" package="com.smartrep" class="android.view.ViewGroup" text="" checkable="false" checked="false" clickable="false" enabled="true" focusable="false" focused="false" long-clickable="false" password="false" scrollable="false" selected="false" bounds="[32,80][80,128]" displayed="true" a11y-important="false" screen-reader-focusable="false" drawing-order="1" showing-hint="false" text-entry-key="false" dismissable="false" a11y-focused="false" heading="false" live-region="0" context-clickable="false" content-invalid="false"&gt;
                                                                      &lt;com.horcrux.svg.SvgView index="0" package="com.smartrep" class="com.horcrux.svg.SvgView" text="" checkable="false" checked="false" clickable="false" enabled="true" focusable="false" focused="false" long-clickable="false" password="false" scrollable="false" selected="false" bounds="[32,80][80,128]" displayed="true" a11y-important="false" screen-reader-focusable="false" drawing-order="1" showing-hint="false" text-entry-key="false" dismissable="false" a11y-focused="false" heading="false" live-region="0" context-clickable="false" content-invalid="false"&gt;
                                                                        &lt;com.horcrux.svg.GroupView index="0" package="com.smartrep" class="com.horcrux.svg.GroupView" text="" checkable="false" checked="false" clickable="false" enabled="true" focusable="false" focused="false" long-clickable="false" password="false" scrollable="false" selected="false" bounds="[32,80][80,128]" displayed="true" a11y-important="false" screen-reader-focusable="false" drawing-order="0" showing-hint="false" text-entry-key="false" dismissable="false" a11y-focused="false" heading="false" live-region="0" context-clickable="false" content-invalid="false"&gt;
                                                                          &lt;com.horcrux.svg.GroupView index="0" package="com.smartrep" class="com.horcrux.svg.GroupView" text="" checkable="false" checked="false" clickable="false" enabled="true" focusable="false" focused="false" long-clickable="false" password="false" scrollable="false" selected="false" bounds="[32,80][80,128]" displayed="true" a11y-important="false" screen-reader-focusable="false" drawing-order="1" showing-hint="false" text-entry-key="false" dismissable="false" a11y-focused="false" heading="false" live-region="0" context-clickable="false" content-invalid="false"&gt;
                                                                            &lt;com.horcrux.svg.GroupView index="0" package="com.smartrep" class="com.horcrux.svg.GroupView" text="" checkable="false" checked="false" clickable="false" enabled="true" focusable="false" focused="false" long-clickable="false" password="false" scrollable="false" selected="false" bounds="[32,80][80,128]" displayed="true" a11y-important="false" screen-reader-focusable="false" drawing-order="1" showing-hint="false" text-entry-key="false" dismissable="false" a11y-focused="false" heading="false" live-region="0" context-clickable="false" content-invalid="false"&gt;
                                                                              &lt;com.horcrux.svg.RectView index="0" package="com.smartrep" class="com.horcrux.svg.RectView" text="" checkable="false" checked="false" clickable="false" enabled="true" focusable="false" focused="false" long-clickable="false" password="false" scrollable="false" selected="false" bounds="[32,80][80,128]" displayed="true" a11y-important="false" screen-reader-focusable="false" drawing-order="1" showing-hint="false" text-entry-key="false" dismissable="false" a11y-focused="false" heading="false" live-region="0" context-clickable="false" content-invalid="false" /&gt;
                                                                              &lt;com.horcrux.svg.RectView index="1" package="com.smartrep" class="com.horcrux.svg.RectView" text="" checkable="false" checked="false" clickable="false" enabled="true" focusable="false" focused="false" long-clickable="false" password="false" scrollable="false" selected="false" bounds="[38,92][74,96]" displayed="true" a11y-important="false" screen-reader-focusable="false" drawing-order="4" showing-hint="false" text-entry-key="false" dismissable="false" a11y-focused="false" heading="false" live-region="0" context-clickable="false" content-invalid="false" /&gt;
                                                                              &lt;com.horcrux.svg.RectView index="2" package="com.smartrep" class="com.horcrux.svg.RectView" text="" checkable="false" checked="false" clickable="false" enabled="true" focusable="false" focused="false" long-clickable="false" password="false" scrollable="false" selected="false" bounds="[38,102][74,106]" displayed="true" a11y-important="false" screen-reader-focusable="false" drawing-order="2" showing-hint="false" text-entry-key="false" dismissable="false" a11y-focused="false" heading="false" live-region="0" context-clickable="false" content-invalid="false" /&gt;
                                                                              &lt;com.horcrux.svg.RectView index="3" package="com.smartrep" class="com.horcrux.svg.RectView" text="" checkable="false" checked="false" clickable="false" enabled="true" focusable="false" focused="false" long-clickable="false" password="false" scrollable="false" selected="false" bounds="[38,112][74,116]" displayed="true" a11y-important="false" screen-reader-focusable="false" drawing-order="3" showing-hint="false" text-entry-key="false" dismissable="false" a11y-focused="false" heading="false" live-region="0" context-clickable="false" content-invalid="false" /&gt;
                                                                            &lt;/com.horcrux.svg.GroupView&gt;
                                                                          &lt;/com.horcrux.svg.GroupView&gt;
                                                                        &lt;/com.horcrux.svg.GroupView&gt;
                                                                      &lt;/com.horcrux.svg.SvgView&gt;
                                                                    &lt;/android.view.ViewGroup&gt;
                                                                  &lt;/android.view.ViewGroup&gt;
                                                                &lt;/android.view.ViewGroup&gt;
                                                                &lt;android.widget.TextView index="1" package="com.smartrep" class="android.widget.TextView" text="Tour Plan ( 1 )" checkable="false" checked="false" clickable="false" enabled="true" focusable="false" focused="false" long-clickable="false" password="false" scrollable="false" selected="false" bounds="[96,77][347,131]" displayed="true" a11y-important="true" screen-reader-focusable="false" drawing-order="1" showing-hint="false" text-entry-key="false" dismissable="false" a11y-focused="false" heading="false" live-region="0" context-clickable="false" content-invalid="false" /&gt;
                                                              &lt;/android.view.ViewGroup&gt;
                                                              &lt;android.view.ViewGroup index="1" package="com.smartrep" class="android.view.ViewGroup" text="" checkable="false" checked="false" clickable="false" enabled="true" focusable="false" focused="false" long-clickable="false" password="false" scrollable="false" selected="false" bounds="[0,160][2560,162]" displayed="true" a11y-important="false" screen-reader-focusable="false" drawing-order="2" showing-hint="false" text-entry-key="false" dismissable="false" a11y-focused="false" heading="false" live-region="0" context-clickable="false" content-invalid="false" /&gt;
                                                              &lt;android.view.ViewGroup index="2" package="com.smartrep" class="android.view.ViewGroup" text="" checkable="false" checked="false" clickable="false" enabled="true" focusable="false" focused="false" long-clickable="false" password="false" scrollable="false" selected="false" bounds="[0,162][2560,294]" displayed="true" a11y-important="false" screen-reader-focusable="false" drawing-order="4" showing-hint="false" text-entry-key="false" dismissable="false" a11y-focused="false" heading="false" live-region="0" context-clickable="false" content-invalid="false"&gt;
                                                                &lt;android.view.ViewGroup index="0" package="com.smartrep" class="android.view.ViewGroup" text="" content-desc="Tour Plan" checkable="false" checked="false" clickable="true" enabled="true" focusable="true" focused="false" long-clickable="false" password="false" scrollable="false" selected="false" bounds="[16,178][648,278]" displayed="true" a11y-important="true" screen-reader-focusable="false" drawing-order="2" showing-hint="false" text-entry-key="false" dismissable="false" a11y-focused="false" heading="false" live-region="0" context-clickable="false" content-invalid="false"&gt;
                                                                  &lt;android.widget.TextView index="0" package="com.smartrep" class="android.widget.TextView" text="Tour Plan" checkable="false" checked="false" clickable="false" enabled="true" focusable="false" focused="false" long-clickable="false" password="false" scrollable="false" selected="false" bounds="[38,209][566,247]" displayed="true" a11y-important="true" screen-reader-focusable="false" drawing-order="1" showing-hint="false" text-entry-key="false" dismissable="false" a11y-focused="false" heading="false" live-region="0" context-clickable="false" content-invalid="false" /&gt;
                                                                  &lt;android.widget.ImageView index="1" package="com.smartrep" class="android.widget.ImageView" text="" checkable="false" checked="false" clickable="false" enabled="true" focusable="false" focused="false" long-clickable="false" password="false" scrollable="false" selected="false" bounds="[586,208][626,248]" displayed="true" a11y-important="true" screen-reader-focusable="false" drawing-order="2" showing-hint="false" text-entry-key="false" dismissable="false" a11y-focused="false" heading="false" live-region="0" context-clickable="false" content-invalid="false" /&gt;
                                                                &lt;/android.view.ViewGroup&gt;
                                                                &lt;android.view.ViewGroup index="1" package="com.smartrep" class="android.view.ViewGroup" text="" content-desc="" resource-id="@undefined/container" checkable="false" checked="false" clickable="false" enabled="true" focusable="true" focused="false" long-clickable="false" password="false" scrollable="false" selected="false" bounds="[2044,188][2544,268]" displayed="true" a11y-important="true" screen-reader-focusable="false" drawing-order="1" showing-hint="false" text-entry-key="false" dismissable="false" a11y-focused="false" heading="false" live-region="0" context-clickable="false" content-invalid="false"&gt;
                                                                  &lt;android.view.ViewGroup index="0" package="com.smartrep" class="android.view.ViewGroup" text="" checkable="false" checked="false" clickable="false" enabled="true" focusable="false" focused="false" long-clickable="false" password="false" scrollable="false" selected="false" bounds="[2044,188][2544,268]" displayed="true" a11y-important="false" screen-reader-focusable="false" drawing-order="1" showing-hint="false" text-entry-key="false" dismissable="false" a11y-focused="false" heading="false" live-region="0" context-clickable="false" content-invalid="false"&gt;
                                                                    &lt;android.view.ViewGroup index="0" package="com.smartrep" class="android.view.ViewGroup" text="" content-desc="" checkable="false" checked="false" clickable="false" enabled="true" focusable="true" focused="false" long-clickable="false" password="false" scrollable="false" selected="false" bounds="[2062,204][2142,252]" displayed="true" a11y-important="true" screen-reader-focusable="false" drawing-order="1" showing-hint="false" text-entry-key="false" dismissable="false" a11y-focused="false" heading="false" live-region="0" context-clickable="false" content-invalid="false"&gt;
                                                                      &lt;android.view.ViewGroup index="0" package="com.smartrep" class="android.view.ViewGroup" text="" checkable="false" checked="false" clickable="false" enabled="true" focusable="false" focused="false" long-clickable="false" password="false" scrollable="false" selected="false" bounds="[2062,204][2142,252]" displayed="true" a11y-important="false" screen-reader-focusable="false" drawing-order="1" showing-hint="false" text-entry-key="false" dismissable="false" a11y-focused="false" heading="false" live-region="0" context-clickable="false" content-invalid="false"&gt;
                                                                        &lt;com.horcrux.svg.SvgView index="0" package="com.smartrep" class="com.horcrux.svg.SvgView" text="" checkable="false" checked="false" clickable="false" enabled="true" focusable="false" focused="false" long-clickable="false" password="false" scrollable="false" selected="false" bounds="[2078,204][2126,252]" displayed="true" a11y-important="false" screen-reader-focusable="false" drawing-order="1" showing-hint="false" text-entry-key="false" dismissable="false" a11y-focused="false" heading="false" live-region="0" context-clickable="false" content-invalid="false"&gt;
                                                                          &lt;com.horcrux.svg.GroupView index="0" package="com.smartrep" class="com.horcrux.svg.GroupView" text="" checkable="false" checked="false" clickable="false" enabled="true" focusable="false" focused="false" long-clickable="false" password="false" scrollable="false" selected="false" bounds="[2078,204][2126,252]" displayed="true" a11y-important="false" screen-reader-focusable="false" drawing-order="0" showing-hint="false" text-entry-key="false" dismissable="false" a11y-focused="false" heading="false" live-region="0" context-clickable="false" content-invalid="false"&gt;
                                                                            &lt;com.horcrux.svg.GroupView index="0" package="com.smartrep" class="com.horcrux.svg.GroupView" text="" checkable="false" checked="false" clickable="false" enabled="true" focusable="false" focused="false" long-clickable="false" password="false" scrollable="false" selected="false" bounds="[2078,204][2126,252]" displayed="true" a11y-important="false" screen-reader-focusable="false" drawing-order="1" showing-hint="false" text-entry-key="false" dismissable="false" a11y-focused="false" heading="false" live-region="0" context-clickable="false" content-invalid="false"&gt;
                                                                              &lt;com.horcrux.svg.GroupView index="0" package="com.smartrep" class="com.horcrux.svg.GroupView" text="" checkable="false" checked="false" clickable="false" enabled="true" focusable="false" focused="false" long-clickable="false" password="false" scrollable="false" selected="false" bounds="[2078,204][2126,252]" displayed="true" a11y-important="false" screen-reader-focusable="false" drawing-order="1" showing-hint="false" text-entry-key="false" dismissable="false" a11y-focused="false" heading="false" live-region="0" context-clickable="false" content-invalid="false"&gt;
                                                                                &lt;com.horcrux.svg.RectView index="0" package="com.smartrep" class="com.horcrux.svg.RectView" text="" checkable="false" checked="false" clickable="false" enabled="true" focusable="false" focused="false" long-clickable="false" password="false" scrollable="false" selected="false" bounds="[2078,204][2126,252]" displayed="true" a11y-important="false" screen-reader-focusable="false" drawing-order="1" showing-hint="false" text-entry-key="false" dismissable="false" a11y-focused="false" heading="false" live-region="0" context-clickable="false" content-invalid="false" /&gt;
                                                                                &lt;com.horcrux.svg.PathView index="1" package="com.smartrep" class="com.horcrux.svg.PathView" text="" checkable="false" checked="false" clickable="false" enabled="true" focusable="false" focused="false" long-clickable="false" password="false" scrollable="false" selected="false" bounds="[2084,210][2121,247]" displayed="true" a11y-important="false" screen-reader-focusable="false" drawing-order="2" showing-hint="false" text-entry-key="false" dismissable="false" a11y-focused="false" heading="false" live-region="0" context-clickable="false" content-invalid="false" /&gt;
                                                                              &lt;/com.horcrux.svg.GroupView&gt;
                                                                            &lt;/com.horcrux.svg.GroupView&gt;
                                                                          &lt;/com.horcrux.svg.GroupView&gt;
                                                                        &lt;/com.horcrux.svg.SvgView&gt;
                                                                      &lt;/android.view.ViewGroup&gt;
                                                                    &lt;/android.view.ViewGroup&gt;
                                                                    &lt;android.widget.EditText index="1" package="com.smartrep" class="android.widget.EditText" text="Sarah Thompson" resource-id="@undefined/input" checkable="false" checked="false" clickable="true" enabled="true" focusable="true" focused="false" long-clickable="true" password="false" scrollable="false" selected="false" bounds="[2158,200][2430,256]" displayed="true" hint="Search" a11y-important="true" screen-reader-focusable="false" input-type="16385" drawing-order="2" showing-hint="false" text-entry-key="false" multiline="false" dismissable="false" a11y-focused="false" heading="false" live-region="0" context-clickable="false" max-text-length="5000" content-invalid="false" /&gt;
                                                                    &lt;android.view.ViewGroup index="2" package="com.smartrep" class="android.view.ViewGroup" text="" content-desc="" checkable="false" checked="false" clickable="true" enabled="true" focusable="true" focused="false" long-clickable="false" password="false" scrollable="false" selected="false" bounds="[2446,204][2526,252]" displayed="true" a11y-important="true" screen-reader-focusable="false" drawing-order="3" showing-hint="false" text-entry-key="false" dismissable="false" a11y-focused="false" heading="false" live-region="0" context-clickable="false" content-invalid="false"&gt;
                                                                      &lt;android.view.ViewGroup index="0" package="com.smartrep" class="android.view.ViewGroup" text="" checkable="false" checked="false" clickable="false" enabled="true" focusable="false" focused="false" long-clickable="false" password="false" scrollable="false" selected="false" bounds="[2446,204][2526,252]" displayed="true" a11y-important="false" screen-reader-focusable="false" drawing-order="1" showing-hint="false" text-entry-key="false" dismissable="false" a11y-focused="false" heading="false" live-region="0" context-clickable="false" content-invalid="false"&gt;
                                                                        &lt;com.horcrux.svg.SvgView index="0" package="com.smartrep" class="com.horcrux.svg.SvgView" text="" checkable="false" checked="false" clickable="false" enabled="true" focusable="false" focused="false" long-clickable="false" password="false" scrollable="false" selected="false" bounds="[2462,204][2510,252]" displayed="true" a11y-important="false" screen-reader-focusable="false" drawing-order="1" showing-hint="false" text-entry-key="false" dismissable="false" a11y-focused="false" heading="false" live-region="0" context-clickable="false" content-invalid="false"&gt;
                                                                          &lt;com.horcrux.svg.GroupView index="0" package="com.smartrep" class="com.horcrux.svg.GroupView" text="" checkable="false" checked="false" clickable="false" enabled="true" focusable="false" focused="false" long-clickable="false" password="false" scrollable="false" selected="false" bounds="[2462,204][2510,252]" displayed="true" a11y-important="false" screen-reader-focusable="false" drawing-order="0" showing-hint="false" text-entry-key="false" dismissable="false" a11y-focused="false" heading="false" live-region="0" context-clickable="false" content-invalid="false"&gt;
                                                                            &lt;com.horcrux.svg.GroupView index="0" package="com.smartrep" class="com.horcrux.svg.GroupView" text="" checkable="false" checked="false" clickable="false" enabled="true" focusable="false" focused="false" long-clickable="false" password="false" scrollable="false" selected="false" bounds="[2462,204][2510,252]" displayed="true" a11y-important="false" screen-reader-focusable="false" drawing-order="1" showing-hint="false" text-entry-key="false" dismissable="false" a11y-focused="false" heading="false" live-region="0" context-clickable="false" content-invalid="false"&gt;
                                                                              &lt;com.horcrux.svg.GroupView index="0" package="com.smartrep" class="com.horcrux.svg.GroupView" text="" checkable="false" checked="false" clickable="false" enabled="true" focusable="false" focused="false" long-clickable="false" password="false" scrollable="false" selected="false" bounds="[2462,204][2510,252]" displayed="true" a11y-important="false" screen-reader-focusable="false" drawing-order="1" showing-hint="false" text-entry-key="false" dismissable="false" a11y-focused="false" heading="false" live-region="0" context-clickable="false" content-invalid="false"&gt;
                                                                                &lt;com.horcrux.svg.RectView index="0" package="com.smartrep" class="com.horcrux.svg.RectView" text="" checkable="false" checked="false" clickable="false" enabled="true" focusable="false" focused="false" long-clickable="false" password="false" scrollable="false" selected="false" bounds="[2462,204][2510,252]" displayed="true" a11y-important="false" screen-reader-focusable="false" drawing-order="1" showing-hint="false" text-entry-key="false" dismissable="false" a11y-focused="false" heading="false" live-region="0" context-clickable="false" content-invalid="false" /&gt;
                                                                                &lt;com.horcrux.svg.PathView index="1" package="com.smartrep" class="com.horcrux.svg.PathView" text="" checkable="false" checked="false" clickable="false" enabled="true" focusable="false" focused="false" long-clickable="false" password="false" scrollable="false" selected="false" bounds="[2473,215][2499,241]" displayed="true" a11y-important="false" screen-reader-focusable="false" drawing-order="2" showing-hint="false" text-entry-key="false" dismissable="false" a11y-focused="false" heading="false" live-region="0" context-clickable="false" content-invalid="false" /&gt;
                                                                              &lt;/com.horcrux.svg.GroupView&gt;
                                                                            &lt;/com.horcrux.svg.GroupView&gt;
                                                                          &lt;/com.horcrux.svg.GroupView&gt;
                                                                        &lt;/com.horcrux.svg.SvgView&gt;
                                                                      &lt;/android.view.ViewGroup&gt;
                                                                    &lt;/android.view.ViewGroup&gt;
                                                                  &lt;/android.view.ViewGroup&gt;
                                                                &lt;/android.view.ViewGroup&gt;
                                                              &lt;/android.view.ViewGroup&gt;
                                                              &lt;android.view.ViewGroup index="3" package="com.smartrep" class="android.view.ViewGroup" text="" checkable="false" checked="false" clickable="false" enabled="true" focusable="false" focused="false" long-clickable="false" password="false" scrollable="false" selected="false" bounds="[0,294][2560,296]" displayed="true" a11y-important="false" screen-reader-focusable="false" drawing-order="5" showing-hint="false" text-entry-key="false" dismissable="false" a11y-focused="false" heading="false" live-region="0" context-clickable="false" content-invalid="false" /&gt;
                                                              &lt;android.widget.ScrollView index="4" package="com.smartrep" class="android.widget.ScrollView" text="" checkable="false" checked="false" clickable="false" enabled="true" focusable="true" focused="false" long-clickable="false" password="false" scrollable="true" selected="false" bounds="[0,296][2560,1392]" displayed="true" a11y-important="true" screen-reader-focusable="false" drawing-order="6" showing-hint="false" text-entry-key="false" dismissable="false" a11y-focused="false" heading="false" live-region="0" context-clickable="false" content-invalid="false"&gt;
                                                                &lt;android.view.ViewGroup index="0" package="com.smartrep" class="android.view.ViewGroup" text="" checkable="false" checked="false" clickable="false" enabled="true" focusable="false" focused="false" long-clickable="false" password="false" scrollable="false" selected="false" bounds="[0,296][2560,1392]" displayed="true" a11y-important="false" screen-reader-focusable="false" drawing-order="1" showing-hint="false" text-entry-key="false" dismissable="false" a11y-focused="false" heading="false" live-region="0" context-clickable="false" content-invalid="false"&gt;
                                                                  &lt;android.view.ViewGroup index="0" package="com.smartrep" class="android.view.ViewGroup" text="" checkable="false" checked="false" clickable="false" enabled="true" focusable="false" focused="false" long-clickable="false" password="false" scrollable="false" selected="false" bounds="[0,296][2560,380]" displayed="true" a11y-important="false" screen-reader-focusable="false" drawing-order="2" showing-hint="false" text-entry-key="false" dismissable="false" a11y-focused="false" heading="false" live-region="0" context-clickable="false" content-invalid="false"&gt;
                                                                    &lt;android.view.ViewGroup index="0" package="com.smartrep" class="android.view.ViewGroup" text="" checkable="false" checked="false" clickable="false" enabled="true" focusable="false" focused="false" long-clickable="false" password="false" scrollable="false" selected="false" bounds="[0,296][2560,380]" displayed="true" a11y-important="false" screen-reader-focusable="false" drawing-order="1" showing-hint="false" text-entry-key="false" dismissable="false" a11y-focused="false" heading="false" live-region="0" context-clickable="false" content-invalid="false"&gt;
                                                                      &lt;android.view.ViewGroup index="0" package="com.smartrep" class="android.view.ViewGroup" text="" checkable="false" checked="false" clickable="false" enabled="true" focusable="false" focused="false" long-clickable="false" password="false" scrollable="false" selected="false" bounds="[0,296][2560,380]" displayed="true" a11y-important="false" screen-reader-focusable="false" drawing-order="1" showing-hint="false" text-entry-key="false" dismissable="false" a11y-focused="false" heading="false" live-region="0" context-clickable="false" content-invalid="false"&gt;
                                                                        &lt;android.view.ViewGroup index="0" package="com.smartrep" class="android.view.ViewGroup" text="" content-desc=" Contact Name" checkable="false" checked="false" clickable="true" enabled="true" focusable="true" focused="false" long-clickable="false" password="false" scrollable="false" selected="false" bounds="[0,296][420,380]" displayed="true" a11y-important="true" screen-reader-focusable="false" drawing-order="1" showing-hint="false" text-entry-key="false" dismissable="false" a11y-focused="false" heading="false" live-region="0" context-clickable="false" content-invalid="false"&gt;
                                                                          &lt;android.widget.ImageView index="0" package="com.smartrep" class="android.widget.ImageView" text="" checkable="false" checked="false" clickable="false" enabled="true" focusable="false" focused="false" long-clickable="false" password="false" scrollable="false" selected="false" bounds="[42,318][82,358]" displayed="true" a11y-important="true" screen-reader-focusable="false" drawing-order="1" showing-hint="false" text-entry-key="false" dismissable="false" a11y-focused="false" heading="false" live-region="0" context-clickable="false" content-invalid="false" /&gt;
                                                                          &lt;android.widget.TextView index="1" package="com.smartrep" class="android.widget.TextView" text=" Contact Name" checkable="false" checked="false" clickable="false" enabled="true" focusable="false" focused="false" long-clickable="false" password="false" scrollable="false" selected="false" bounds="[82,321][376,355]" displayed="true" a11y-important="true" screen-reader-focusable="false" drawing-order="2" showing-hint="false" text-entry-key="false" dismissable="false" a11y-focused="false" heading="false" live-region="0" context-clickable="false" content-invalid="false" /&gt;
                                                                        &lt;/android.view.ViewGroup&gt;
                                                                        &lt;android.view.ViewGroup index="1" package="com.smartrep" class="android.view.ViewGroup" text="" content-desc=" Date" checkable="false" checked="false" clickable="true" enabled="true" focusable="true" focused="false" long-clickable="false" password="false" scrollable="false" selected="false" bounds="[420,296][840,380]" displayed="true" a11y-important="true" screen-reader-focusable="false" drawing-order="2" showing-hint="false" text-entry-key="false" dismissable="false" a11y-focused="false" heading="false" live-region="0" context-clickable="false" content-invalid="false"&gt;
                                                                          &lt;android.widget.TextView index="0" package="com.smartrep" class="android.widget.TextView" text=" Date" checkable="false" checked="false" clickable="false" enabled="true" focusable="false" focused="false" long-clickable="false" password="false" scrollable="false" selected="false" bounds="[601,321][658,355]" displayed="true" a11y-important="true" screen-reader-focusable="false" drawing-order="1" showing-hint="false" text-entry-key="false" dismissable="false" a11y-focused="false" heading="false" live-region="0" context-clickable="false" content-invalid="false" /&gt;
                                                                        &lt;/android.view.ViewGroup&gt;
                                                                        &lt;android.view.ViewGroup index="2" package="com.smartrep" class="android.view.ViewGroup" text="" content-desc=" Start Time" checkable="false" checked="false" clickable="true" enabled="true" focusable="true" focused="false" long-clickable="false" password="false" scrollable="false" selected="false" bounds="[840,296][1260,380]" displayed="true" a11y-important="true" screen-reader-focusable="false" drawing-order="3" showing-hint="false" text-entry-key="false" dismissable="false" a11y-focused="false" heading="false" live-region="0" context-clickable="false" content-invalid="false"&gt;
                                                                          &lt;android.widget.TextView index="0" package="com.smartrep" class="android.widget.TextView" text=" Start Time" checkable="false" checked="false" clickable="false" enabled="true" focusable="false" focused="false" long-clickable="false" password="false" scrollable="false" selected="false" bounds="[989,321][1111,355]" displayed="true" a11y-important="true" screen-reader-focusable="false" drawing-order="1" showing-hint="false" text-entry-key="false" dismissable="false" a11y-focused="false" heading="false" live-region="0" context-clickable="false" content-invalid="false" /&gt;
                                                                        &lt;/android.view.ViewGroup&gt;
                                                                        &lt;android.view.ViewGroup index="3" package="com.smartrep" class="android.view.ViewGroup" text="" content-desc=" Duration mins" checkable="false" checked="false" clickable="true" enabled="true" focusable="true" focused="false" long-clickable="false" password="false" scrollable="false" selected="false" bounds="[1260,296][1679,380]" displayed="true" a11y-important="true" screen-reader-focusable="false" drawing-order="4" showing-hint="false" text-entry-key="false" dismissable="false" a11y-focused="false" heading="false" live-region="0" context-clickable="false" content-invalid="false"&gt;
                                                                          &lt;android.widget.TextView index="0" package="com.smartrep" class="android.widget.TextView" text=" Duration mins" checkable="false" checked="false" clickable="false" enabled="true" focusable="false" focused="false" long-clickable="false" password="false" scrollable="false" selected="false" bounds="[1389,321][1550,355]" displayed="true" a11y-important="true" screen-reader-focusable="false" drawing-order="1" showing-hint="false" text-entry-key="false" dismissable="false" a11y-focused="false" heading="false" live-region="0" context-clickable="false" content-invalid="false" /&gt;
                                                                        &lt;/android.view.ViewGroup&gt;
                                                                        &lt;android.view.ViewGroup index="4" package="com.smartrep" class="android.view.ViewGroup" text="" content-desc=" Account Name" checkable="false" checked="false" clickable="true" enabled="true" focusable="true" focused="false" long-clickable="false" password="false" scrollable="false" selected="false" bounds="[1679,296][2099,380]" displayed="true" a11y-important="true" screen-reader-focusable="false" drawing-order="5" showing-hint="false" text-entry-key="false" dismissable="false" a11y-focused="false" heading="false" live-region="0" context-clickable="false" content-invalid="false"&gt;
                                                                          &lt;android.widget.TextView index="0" package="com.smartrep" class="android.widget.TextView" text=" Account Name" checkable="false" checked="false" clickable="false" enabled="true" focusable="false" focused="false" long-clickable="false" password="false" scrollable="false" selected="false" bounds="[1741,321][2035,355]" displayed="true" a11y-important="true" screen-reader-focusable="false" drawing-order="1" showing-hint="false" text-entry-key="false" dismissable="false" a11y-focused="false" heading="false" live-region="0" context-clickable="false" content-invalid="false" /&gt;
                                                                        &lt;/android.view.ViewGroup&gt;
                                                                        &lt;android.view.ViewGroup index="5" package="com.smartrep" class="android.view.ViewGroup" text="" content-desc=" Billing Street" checkable="false" checked="false" clickable="true" enabled="true" focusable="true" focused="false" long-clickable="false" password="false" scrollable="false" selected="false" bounds="[2099,296][2519,380]" displayed="true" a11y-important="true" screen-reader-focusable="false" drawing-order="6" showing-hint="false" text-entry-key="false" dismissable="false" a11y-focused="false" heading="false" live-region="0" context-clickable="false" content-invalid="false"&gt;
                                                                          &lt;android.widget.TextView index="0" package="com.smartrep" class="android.widget.TextView" text=" Billing Street" checkable="false" checked="false" clickable="false" enabled="true" focusable="false" focused="false" long-clickable="false" password="false" scrollable="false" selected="false" bounds="[2161,321][2455,355]" displayed="true" a11y-important="true" screen-reader-focusable="false" drawing-order="1" showing-hint="false" text-entry-key="false" dismissable="false" a11y-focused="false" heading="false" live-region="0" context-clickable="false" content-invalid="false" /&gt;
                                                                        &lt;/android.view.ViewGroup&gt;
                                                                        &lt;android.view.ViewGroup index="6" package="com.smartrep" class="android.view.ViewGroup" text="" content-desc="" checkable="false" checked="false" clickable="true" enabled="true" focusable="true" focused="false" long-clickable="false" password="false" scrollable="false" selected="false" bounds="[2519,296][2560,380]" displayed="true" a11y-important="true" screen-reader-focusable="false" drawing-order="7" showing-hint="false" text-entry-key="false" dismissable="false" a11y-focused="false" heading="false" live-region="0" context-clickable="false" content-invalid="false" /&gt;
                                                                      &lt;/android.view.ViewGroup&gt;
                                                                    &lt;/android.view.ViewGroup&gt;
                                                                  &lt;/android.view.ViewGroup&gt;
                                                                  &lt;android.view.ViewGroup index="1" package="com.smartrep" class="android.view.ViewGroup" text="" checkable="false" checked="false" clickable="false" enabled="true" focusable="false" focused="false" long-clickable="false" password="false" scrollable="false" selected="false" bounds="[0,380][2560,460]" displayed="true" a11y-important="false" screen-reader-focusable="false" drawing-order="1" showing-hint="false" text-entry-key="false" dismissable="false" a11y-focused="false" heading="false" live-region="0" context-clickable="false" content-invalid="false"&gt;
                                                                    &lt;android.view.ViewGroup index="0" package="com.smartrep" class="android.view.ViewGroup" text="" content-desc="Sarah Thompson, 2025-10-29, 01:30, 10, Alpha Hospital" checkable="false" checked="false" clickable="true" enabled="true" focusable="true" focused="false" long-clickable="false" password="false" scrollable="false" selected="false" bounds="[0,380][2560,460]" displayed="true" a11y-important="true" screen-reader-focusable="false" drawing-order="1" showing-hint="false" text-entry-key="false" dismissable="false" a11y-focused="false" heading="false" live-region="0" context-clickable="false" content-invalid="false"&gt;
                                                                      &lt;android.view.ViewGroup index="0" package="com.smartrep" class="android.view.ViewGroup" text="" checkable="false" checked="false" clickable="false" enabled="true" focusable="false" focused="false" long-clickable="false" password="false" scrollable="false" selected="false" bounds="[0,380][420,460]" displayed="true" a11y-important="false" screen-reader-focusable="false" drawing-order="1" showing-hint="false" text-entry-key="false" dismissable="false" a11y-focused="false" heading="false" live-region="0" context-clickable="false" content-invalid="false"&gt;
                                                                        &lt;android.widget.TextView index="0" package="com.smartrep" class="android.widget.TextView" text="Sarah Thompson" checkable="false" checked="false" clickable="false" enabled="true" focusable="false" focused="false" long-clickable="false" password="false" scrollable="false" selected="false" bounds="[12,401][408,439]" displayed="true" a11y-important="true" screen-reader-focusable="false" drawing-order="1" showing-hint="false" text-entry-key="false" dismissable="false" a11y-focused="false" heading="false" live-region="0" context-clickable="false" content-invalid="false" /&gt;
                                                                      &lt;/android.view.ViewGroup&gt;
                                                                      &lt;android.view.ViewGroup index="1" package="com.smartrep" class="android.view.ViewGroup" text="" checkable="false" checked="false" clickable="false" enabled="true" focusable="false" focused="false" long-clickable="false" password="false" scrollable="false" selected="false" bounds="[420,380][840,460]" displayed="true" a11y-important="false" screen-reader-focusable="false" drawing-order="2" showing-hint="false" text-entry-key="false" dismissable="false" a11y-focused="false" heading="false" live-region="0" context-clickable="false" content-invalid="false"&gt;
                                                                        &lt;android.widget.TextView index="0" package="com.smartrep" class="android.widget.TextView" text="2025-10-29" checkable="false" checked="false" clickable="false" enabled="true" focusable="false" focused="false" long-clickable="false" password="false" scrollable="false" selected="false" bounds="[432,401][828,439]" displayed="true" a11y-important="true" screen-reader-focusable="false" drawing-order="1" showing-hint="false" text-entry-key="false" dismissable="false" a11y-focused="false" heading="false" live-region="0" context-clickable="false" content-invalid="false" /&gt;
                                                                      &lt;/android.view.ViewGroup&gt;
                                                                      &lt;android.view.ViewGroup index="2" package="com.smartrep" class="android.view.ViewGroup" text="" checkable="false" checked="false" clickable="false" enabled="true" focusable="false" focused="false" long-clickable="false" password="false" scrollable="false" selected="false" bounds="[840,380][1260,460]" displayed="true" a11y-important="false" screen-reader-focusable="false" drawing-order="3" showing-hint="false" text-entry-key="false" dismissable="false" a11y-focused="false" heading="false" live-region="0" context-clickable="false" content-invalid="false"&gt;
                                                                        &lt;android.widget.TextView index="0" package="com.smartrep" class="android.widget.TextView" text="01:30" checkable="false" checked="false" clickable="false" enabled="true" focusable="false" focused="false" long-clickable="false" password="false" scrollable="false" selected="false" bounds="[852,401][1248,439]" displayed="true" a11y-important="true" screen-reader-focusable="false" drawing-order="1" showing-hint="false" text-entry-key="false" dismissable="false" a11y-focused="false" heading="false" live-region="0" context-clickable="false" content-invalid="false" /&gt;
                                                                      &lt;/android.view.ViewGroup&gt;
                                                                      &lt;android.view.ViewGroup index="3" package="com.smartrep" class="android.view.ViewGroup" text="" checkable="false" checked="false" clickable="false" enabled="true" focusable="false" focused="false" long-clickable="false" password="false" scrollable="false" selected="false" bounds="[1260,380][1679,460]" displayed="true" a11y-important="false" screen-reader-focusable="false" drawing-order="4" showing-hint="false" text-entry-key="false" dismissable="false" a11y-focused="false" heading="false" live-region="0" context-clickable="false" content-invalid="false"&gt;
                                                                        &lt;android.widget.TextView index="0" package="com.smartrep" class="android.widget.TextView" text="10" checkable="false" checked="false" clickable="false" enabled="true" focusable="false" focused="false" long-clickable="false" password="false" scrollable="false" selected="false" bounds="[1272,401][1667,439]" displayed="true" a11y-important="true" screen-reader-focusable="false" drawing-order="1" showing-hint="false" text-entry-key="false" dismissable="false" a11y-focused="false" heading="false" live-region="0" context-clickable="false" content-invalid="false" /&gt;
                                                                      &lt;/android.view.ViewGroup&gt;
                                                                      &lt;android.view.ViewGroup index="4" package="com.smartrep" class="android.view.ViewGroup" text="" checkable="false" checked="false" clickable="false" enabled="true" focusable="false" focused="false" long-clickable="false" password="false" scrollable="false" selected="false" bounds="[1679,380][2099,460]" displayed="true" a11y-important="false" screen-reader-focusable="false" drawing-order="5" showing-hint="false" text-entry-key="false" dismissable="false" a11y-focused="false" heading="false" live-region="0" context-clickable="false" content-invalid="false"&gt;
                                                                        &lt;android.widget.TextView index="0" package="com.smartrep" class="android.widget.TextView" text="Alpha Hospital" checkable="false" checked="false" clickable="false" enabled="true" focusable="false" focused="false" long-clickable="false" password="false" scrollable="false" selected="false" bounds="[1691,401][2087,439]" displayed="true" a11y-important="true" screen-reader-focusable="false" drawing-order="1" showing-hint="false" text-entry-key="false" dismissable="false" a11y-focused="false" heading="false" live-region="0" context-clickable="false" content-invalid="false" /&gt;
                                                                      &lt;/android.view.ViewGroup&gt;
                                                                      &lt;android.view.ViewGroup index="5" package="com.smartrep" class="android.view.ViewGroup" text="" checkable="false" checked="false" clickable="false" enabled="true" focusable="false" focused="false" long-clickable="false" password="false" scrollable="false" selected="false" bounds="[2099,380][2519,460]" displayed="true" a11y-important="false" screen-reader-focusable="false" drawing-order="6" showing-hint="false" text-entry-key="false" dismissable="false" a11y-focused="false" heading="false" live-region="0" context-clickable="false" content-invalid="false"&gt;
                                                                        &lt;android.widget.TextView index="0" package="com.smartrep" class="android.widget.TextView" text="" checkable="false" checked="false" clickable="false" enabled="true" focusable="false" focused="false" long-clickable="false" password="false" scrollable="false" selected="false" bounds="[2111,401][2507,439]" displayed="true" a11y-important="true" screen-reader-focusable="false" drawing-order="1" showing-hint="false" text-entry-key="false" dismissable="false" a11y-focused="false" heading="false" live-region="0" context-clickable="false" content-invalid="false" /&gt;
                                                                      &lt;/android.view.ViewGroup&gt;
                                                                      &lt;android.view.ViewGroup index="6" package="com.smartrep" class="android.view.ViewGroup" text="" checkable="false" checked="false" clickable="false" enabled="true" focusable="false" focused="false" long-clickable="false" password="false" scrollable="false" selected="false" bounds="[2519,380][2560,460]" displayed="true" a11y-important="false" screen-reader-focusable="false" drawing-order="7" showing-hint="false" text-entry-key="false" dismissable="false" a11y-focused="false" heading="false" live-region="0" context-clickable="false" content-invalid="false"&gt;
                                                                        &lt;android.view.ViewGroup index="0" package="com.smartrep" class="android.view.ViewGroup" text="" checkable="false" checked="false" clickable="false" enabled="true" focusable="false" focused="false" long-clickable="false" password="false" scrollable="false" selected="false" bounds="[2531,404][2560,436]" displayed="true" a11y-important="false" screen-reader-focusable="false" drawing-order="1" showing-hint="false" text-entry-key="false" dismissable="false" a11y-focused="false" heading="false" live-region="0" context-clickable="false" content-invalid="false"&gt;
                                                                          &lt;com.horcrux.svg.SvgView index="0" package="com.smartrep" class="com.horcrux.svg.SvgView" text="" checkable="false" checked="false" clickable="false" enabled="true" focusable="false" focused="false" long-clickable="false" password="false" scrollable="false" selected="false" bounds="[2531,404][2560,436]" displayed="true" a11y-important="false" screen-reader-focusable="false" drawing-order="1" showing-hint="false" text-entry-key="false" dismissable="false" a11y-focused="false" heading="false" live-region="0" context-clickable="false" content-invalid="false"&gt;
                                                                            &lt;com.horcrux.svg.GroupView index="0" package="com.smartrep" class="com.horcrux.svg.GroupView" text="" checkable="false" checked="false" clickable="false" enabled="true" focusable="false" focused="false" long-clickable="false" password="false" scrollable="false" selected="false" bounds="[2536,409][2560,436]" displayed="true" a11y-important="false" screen-reader-focusable="false" drawing-order="0" showing-hint="false" text-entry-key="false" dismissable="false" a11y-focused="false" heading="false" live-region="0" context-clickable="false" content-invalid="false"&gt;
                                                                              &lt;com.horcrux.svg.GroupView index="0" package="com.smartrep" class="com.horcrux.svg.GroupView" text="" checkable="false" checked="false" clickable="false" enabled="true" focusable="false" focused="false" long-clickable="false" password="false" scrollable="false" selected="false" bounds="[2536,409][2560,436]" displayed="true" a11y-important="false" screen-reader-focusable="false" drawing-order="1" showing-hint="false" text-entry-key="false" dismissable="false" a11y-focused="false" heading="false" live-region="0" context-clickable="false" content-invalid="false"&gt;
                                                                                &lt;com.horcrux.svg.GroupView index="0" package="com.smartrep" class="com.horcrux.svg.GroupView" text="" checkable="false" checked="false" clickable="false" enabled="true" focusable="false" focused="false" long-clickable="false" password="false" scrollable="false" selected="false" bounds="[2536,409][2560,436]" displayed="true" a11y-important="false" screen-reader-focusable="false" drawing-order="1" showing-hint="false" text-entry-key="false" dismissable="false" a11y-focused="false" heading="false" live-region="0" context-clickable="false" content-invalid="false"&gt;
                                                                                  &lt;com.horcrux.svg.PathView index="0" package="com.smartrep" class="com.horcrux.svg.PathView" text="" checkable="false" checked="false" clickable="false" enabled="true" focusable="false" focused="false" long-clickable="false" password="false" scrollable="false" selected="false" bounds="[2536,409][2558,431]" displayed="true" a11y-important="false" screen-reader-focusable="false" drawing-order="2" showing-hint="false" text-entry-key="false" dismissable="false" a11y-focused="false" heading="false" live-region="0" context-clickable="false" content-invalid="false" /&gt;
                                                                                  &lt;com.horcrux.svg.RectView index="1" package="com.smartrep" class="com.horcrux.svg.RectView" text="" checkable="false" checked="false" clickable="false" enabled="true" focusable="false" focused="false" long-clickable="false" password="false" scrollable="false" selected="false" bounds="[2547,420][2560,436]" displayed="true" a11y-important="false" screen-reader-focusable="false" drawing-order="1" showing-hint="false" text-entry-key="false" dismissable="false" a11y-focused="false" heading="false" live-region="0" context-clickable="false" content-invalid="false" /&gt;
                                                                                &lt;/com.horcrux.svg.GroupView&gt;
                                                                              &lt;/com.horcrux.svg.GroupView&gt;
                                                                            &lt;/com.horcrux.svg.GroupView&gt;
                                                                          &lt;/com.horcrux.svg.SvgView&gt;
                                                                        &lt;/android.view.ViewGroup&gt;
                                                                      &lt;/android.view.ViewGroup&gt;
                                                                    &lt;/android.view.ViewGroup&gt;
                                                                  &lt;/android.view.ViewGroup&gt;
                                                                &lt;/android.view.ViewGroup&gt;
                                                              &lt;/android.widget.ScrollView&gt;
                                                              &lt;android.view.ViewGroup index="5" package="com.smartrep" class="android.view.ViewGroup" text="" checkable="false" checked="false" clickable="false" enabled="true" focusable="false" focused="false" long-clickable="false" password="false" scrollable="false" selected="false" bounds="[0,1392][2560,1394]" displayed="true" a11y-important="false" screen-reader-focusable="false" drawing-order="3" showing-hint="false" text-entry-key="false" dismissable="false" a11y-focused="false" heading="false" live-region="0" context-clickable="false" content-invalid="false" /&gt;
                                                            &lt;/android.view.ViewGroup&gt;
                                                          &lt;/android.view.ViewGroup&gt;
                                                        &lt;/android.view.ViewGroup&gt;
                                                      &lt;/android.view.ViewGroup&gt;
                                                    &lt;/android.view.ViewGroup&gt;
                                                  &lt;/android.view.ViewGroup&gt;
                                                &lt;/android.widget.FrameLayout&gt;
                                              &lt;/android.view.ViewGroup&gt;
[...]
<status status="NOT RUN" start="2025-10-30T11:35:43.709459" elapsed="0.000000"/>
</kw>
<kw name="Sleep" owner="BuiltIn">
<arg>5s</arg>
<doc>Pauses the test executed for the given time.</doc>
<status status="NOT RUN" start="2025-10-30T11:35:43.709459" elapsed="0.000000"/>
</kw>
<kw name="Swipe" owner="AppiumLibrary">
<arg>1280</arg>
<arg>1295</arg>
<arg>1280</arg>
<arg>519</arg>
<arg>800</arg>
<doc>Swipes from one point to another point, for an optional ``duration``.</doc>
<status status="NOT RUN" start="2025-10-30T11:35:43.710459" elapsed="0.000000"/>
</kw>
<kw name="Wait Until Element Is Visible" owner="AppiumLibrary">
<arg>//android.widget.TextView[@text="Prio 1 - Brand Discussed"]</arg>
<arg>10s</arg>
<doc>Waits until the element specified by the ``locator`` is visible.</doc>
<status status="NOT RUN" start="2025-10-30T11:35:43.710459" elapsed="0.000000"/>
</kw>
<kw name="Click Element" owner="AppiumLibrary">
<arg>//android.widget.FrameLayout[@resource-id="android:id/content"]/android.widget.FrameLayout/android.view.ViewGroup/android.view.ViewGroup/android.view.ViewGroup/android.view.ViewGroup/android.view.ViewGroup/android.view.ViewGroup/android.view.ViewGroup/android.widget.FrameLayout/android.view.ViewGroup/android.view.ViewGroup/android.view.ViewGroup[1]/android.widget.FrameLayout/android.view.ViewGroup/android.view.ViewGroup/android.view.ViewGroup/android.view.ViewGroup/android.view.ViewGroup[1]/android.widget.FrameLayout/android.view.ViewGroup/android.view.ViewGroup/android.view.ViewGroup/android.view.ViewGroup/android.view.ViewGroup/android.view.ViewGroup/android.widget.ScrollView/android.view.ViewGroup/android.widget.ScrollView/android.view.ViewGroup/android.view.ViewGroup[2]/android.view.ViewGroup[2]/android.view.ViewGroup/android.view.ViewGroup[1]/android.view.ViewGroup[1]/android.view.ViewGroup/android.view.ViewGroup/android.view.ViewGroup[2]/android.view.ViewGroup/android.view.ViewGroup/com.horcrux.svg.SvgView</arg>
<doc>Clicks the element identified by ``locator``.</doc>
<status status="NOT RUN" start="2025-10-30T11:35:43.710459" elapsed="0.000000"/>
</kw>
<kw name="Sleep" owner="BuiltIn">
<arg>5s</arg>
<doc>Pauses the test executed for the given time.</doc>
<status status="NOT RUN" start="2025-10-30T11:35:43.711460" elapsed="0.000000"/>
</kw>
<kw name="Wait Until Element Is Visible" owner="AppiumLibrary">
<arg>//android.widget.FrameLayout[@resource-id="android:id/content"]/android.widget.FrameLayout/android.view.ViewGroup/android.view.ViewGroup[2]/android.view.ViewGroup/android.widget.ScrollView/android.view.ViewGroup</arg>
<arg>20s</arg>
<doc>Waits until the element specified by the ``locator`` is visible.</doc>
<status status="NOT RUN" start="2025-10-30T11:35:43.711460" elapsed="0.000000"/>
</kw>
<kw name="Sleep" owner="BuiltIn">
<arg>5s</arg>
<doc>Pauses the test executed for the given time.</doc>
<status status="NOT RUN" start="2025-10-30T11:35:43.711460" elapsed="0.000000"/>
</kw>
<kw name="Click Element" owner="AppiumLibrary">
<arg>//android.view.ViewGroup[@content-desc="${Use_Case}"]</arg>
<doc>Clicks the element identified by ``locator``.</doc>
<status status="NOT RUN" start="2025-10-30T11:35:43.712459" elapsed="0.000000"/>
</kw>
<kw name="Sleep" owner="BuiltIn">
<arg>5s</arg>
<doc>Pauses the test executed for the given time.</doc>
<status status="NOT RUN" start="2025-10-30T11:35:43.712459" elapsed="0.000000"/>
</kw>
<kw name="Click Element" owner="AppiumLibrary">
<arg>//android.view.ViewGroup[@content-desc="Select Option"]/android.view.ViewGroup/com.horcrux.svg.SvgView/com.horcrux.svg.GroupView/com.horcrux.svg.GroupView/com.horcrux.svg.GroupView/com.horcrux.svg.PathView</arg>
<doc>Clicks the element identified by ``locator``.</doc>
<status status="NOT RUN" start="2025-10-30T11:35:43.713459" elapsed="0.000000"/>
</kw>
<kw name="Wait Until Element Is Visible" owner="AppiumLibrary">
<arg>//android.widget.TextView[@text="${Classification}"]</arg>
<arg>10s</arg>
<doc>Waits until the element specified by the ``locator`` is visible.</doc>
<status status="NOT RUN" start="2025-10-30T11:35:43.713459" elapsed="0.000000"/>
</kw>
<kw name="Click Element" owner="AppiumLibrary">
<arg>//android.view.ViewGroup[@content-desc="${Classification}"]</arg>
<doc>Clicks the element identified by ``locator``.</doc>
<status status="NOT RUN" start="2025-10-30T11:35:43.716457" elapsed="0.000000"/>
</kw>
<kw name="Sleep" owner="BuiltIn">
<arg>5s</arg>
<doc>Pauses the test executed for the given time.</doc>
<status status="NOT RUN" start="2025-10-30T11:35:43.716457" elapsed="0.000000"/>
</kw>
<kw name="Click Element" owner="AppiumLibrary">
<arg>//android.widget.FrameLayout[@resource-id="android:id/content"]/android.widget.FrameLayout/android.view.ViewGroup/android.view.ViewGroup/android.view.ViewGroup/android.view.ViewGroup/android.view.ViewGroup/android.view.ViewGroup/android.view.ViewGroup/android.widget.FrameLayout/android.view.ViewGroup/android.view.ViewGroup/android.view.ViewGroup[1]/android.widget.FrameLayout/android.view.ViewGroup/android.view.ViewGroup/android.view.ViewGroup/android.view.ViewGroup/android.view.ViewGroup[1]/android.widget.FrameLayout/android.view.ViewGroup/android.view.ViewGroup/android.view.ViewGroup/android.view.ViewGroup/android.view.ViewGroup/android.view.ViewGroup/android.widget.ScrollView/android.view.ViewGroup/android.widget.ScrollView/android.view.ViewGroup/android.view.ViewGroup[2]/android.view.ViewGroup[2]/android.view.ViewGroup/android.view.ViewGroup[1]/android.view.ViewGroup[5]/android.view.ViewGroup/android.view.ViewGroup/android.view.ViewGroup[2]/android.view.ViewGroup/android.view.ViewGroup/com.horcrux.svg.SvgView</arg>
<doc>Clicks the element identified by ``locator``.</doc>
<status status="NOT RUN" start="2025-10-30T11:35:43.717462" elapsed="0.000000"/>
</kw>
<kw name="Wait Until Element Is Visible" owner="AppiumLibrary">
<arg>//android.widget.TextView[@text="${Product_message}"]</arg>
<arg>10s</arg>
<doc>Waits until the element specified by the ``locator`` is visible.</doc>
<status status="NOT RUN" start="2025-10-30T11:35:43.717462" elapsed="0.000000"/>
</kw>
<kw name="Click Element" owner="AppiumLibrary">
<arg>//android.view.ViewGroup[@content-desc="${Product_message}"]</arg>
<doc>Clicks the element identified by ``locator``.</doc>
<status status="NOT RUN" start="2025-10-30T11:35:43.718456" elapsed="0.000000"/>
</kw>
<kw name="Sleep" owner="BuiltIn">
<arg>5s</arg>
<doc>Pauses the test executed for the given time.</doc>
<status status="NOT RUN" start="2025-10-30T11:35:43.718456" elapsed="0.000000"/>
</kw>
<kw name="Click Element" owner="AppiumLibrary">
<arg>//android.widget.FrameLayout[@resource-id="android:id/content"]/android.widget.FrameLayout/android.view.ViewGroup/android.view.ViewGroup/android.view.ViewGroup/android.view.ViewGroup/android.view.ViewGroup/android.view.ViewGroup/android.view.ViewGroup/android.widget.FrameLayout/android.view.ViewGroup/android.view.ViewGroup/android.view.ViewGroup[1]/android.widget.FrameLayout/android.view.ViewGroup/android.view.ViewGroup/android.view.ViewGroup/android.view.ViewGroup/android.view.ViewGroup[1]/android.widget.FrameLayout/android.view.ViewGroup/android.view.ViewGroup/android.view.ViewGroup/android.view.ViewGroup/android.view.ViewGroup/android.view.ViewGroup/android.widget.ScrollView/android.view.ViewGroup/android.widget.ScrollView/android.view.ViewGroup/android.view.ViewGroup[2]/android.view.ViewGroup[2]/android.view.ViewGroup/android.view.ViewGroup[1]/android.view.ViewGroup[2]/android.view.ViewGroup/android.view.ViewGroup/android.view.ViewGroup[2]/android.view.ViewGroup/android.view.ViewGroup/com.horcrux.svg.SvgView/com.horcrux.svg.GroupView/com.horcrux.svg.PathView</arg>
<doc>Clicks the element identified by ``locator``.</doc>
<status status="NOT RUN" start="2025-10-30T11:35:43.719461" elapsed="0.000000"/>
</kw>
<kw name="Wait Until Element Is Visible" owner="AppiumLibrary">
<arg>//android.widget.TextView[@text="${Product}"]</arg>
<arg>10s</arg>
<doc>Waits until the element specified by the ``locator`` is visible.</doc>
<status status="NOT RUN" start="2025-10-30T11:35:43.719461" elapsed="0.000000"/>
</kw>
<kw name="Click Element" owner="AppiumLibrary">
<arg>//android.view.ViewGroup[@content-desc="${Product}"]</arg>
<doc>Clicks the element identified by ``locator``.</doc>
<status status="NOT RUN" start="2025-10-30T11:35:43.719461" elapsed="0.000000"/>
</kw>
<kw name="Sleep" owner="BuiltIn">
<arg>5s</arg>
<doc>Pauses the test executed for the given time.</doc>
<status status="NOT RUN" start="2025-10-30T11:35:43.720461" elapsed="0.000000"/>
</kw>
<kw name="Wait Until Element Is Visible" owner="AppiumLibrary">
<arg>xpath=(//android.view.ViewGroup[@resource-id="@undefined/container"])[3]/android.view.ViewGroup</arg>
<arg>10s</arg>
<doc>Waits until the element specified by the ``locator`` is visible.</doc>
<status status="NOT RUN" start="2025-10-30T11:35:43.720461" elapsed="0.000000"/>
</kw>
<kw name="Input Text" owner="AppiumLibrary">
<arg>xpath=(//android.view.ViewGroup[@resource-id="@undefined/container"])[3]//following-sibling::android.widget.EditText</arg>
<arg>${Brand_Discuss_note}</arg>
<doc>Types the given ``text`` into the text field identified by ``locator``.</doc>
<status status="NOT RUN" start="2025-10-30T11:35:43.720461" elapsed="0.000000"/>
</kw>
<kw name="Swipe" owner="AppiumLibrary">
<arg>1280</arg>
<arg>1295</arg>
<arg>1280</arg>
<arg>519</arg>
<arg>1000</arg>
<doc>Swipes from one point to another point, for an optional ``duration``.</doc>
<status status="NOT RUN" start="2025-10-30T11:35:43.721456" elapsed="0.000000"/>
</kw>
<kw name="Swipe" owner="AppiumLibrary">
<arg>1280</arg>
<arg>1295</arg>
<arg>1280</arg>
<arg>519</arg>
<arg>1000</arg>
<doc>Swipes from one point to another point, for an optional ``duration``.</doc>
<status status="NOT RUN" start="2025-10-30T11:35:43.721456" elapsed="0.000000"/>
</kw>
<kw name="Swipe" owner="AppiumLibrary">
<arg>1280</arg>
<arg>1295</arg>
<arg>1280</arg>
<arg>519</arg>
<arg>1000</arg>
<doc>Swipes from one point to another point, for an optional ``duration``.</doc>
<status status="NOT RUN" start="2025-10-30T11:35:43.721456" elapsed="0.000000"/>
</kw>
<kw name="Swipe" owner="AppiumLibrary">
<arg>1280</arg>
<arg>1295</arg>
<arg>1280</arg>
<arg>819</arg>
<arg>1000</arg>
<doc>Swipes from one point to another point, for an optional ``duration``.</doc>
<status status="NOT RUN" start="2025-10-30T11:35:43.721456" elapsed="0.000000"/>
</kw>
<kw name="Click Element" owner="AppiumLibrary">
<arg>xpath=//android.view.ViewGroup[@content-desc="Add New"]</arg>
<doc>Clicks the element identified by ``locator``.</doc>
<status status="NOT RUN" start="2025-10-30T11:35:43.722459" elapsed="0.000000"/>
</kw>
<kw name="Sleep" owner="BuiltIn">
<arg>10s</arg>
<doc>Pauses the test executed for the given time.</doc>
<status status="NOT RUN" start="2025-10-30T11:35:43.722459" elapsed="0.000000"/>
</kw>
<kw name="Click Element" owner="AppiumLibrary">
<arg>xpath=//android.view.ViewGroup[@content-desc="Beclometasone nasal spray 20ml, Beclometasone nasal spray 20ml"]</arg>
<doc>Clicks the element identified by ``locator``.</doc>
<status status="NOT RUN" start="2025-10-30T11:35:43.722459" elapsed="0.000000"/>
</kw>
<kw name="Sleep" owner="BuiltIn">
<arg>5s</arg>
<doc>Pauses the test executed for the given time.</doc>
<status status="NOT RUN" start="2025-10-30T11:35:43.723459" elapsed="0.000000"/>
</kw>
<kw name="Wait Until Element Is Visible" owner="AppiumLibrary">
<arg>xpath= (//android.widget.EditText[@resource-id="@undefined/input"])[2]</arg>
<arg>10s</arg>
<doc>Waits until the element specified by the ``locator`` is visible.</doc>
<status status="NOT RUN" start="2025-10-30T11:35:43.723459" elapsed="0.000000"/>
</kw>
<kw name="Input Text" owner="AppiumLibrary">
<arg>xpath= (//android.widget.EditText[@resource-id="@undefined/input"])[2]</arg>
<arg>10</arg>
<doc>Types the given ``text`` into the text field identified by ``locator``.</doc>
<status status="NOT RUN" start="2025-10-30T11:35:43.723459" elapsed="0.000000"/>
</kw>
<kw name="Sleep" owner="BuiltIn">
<arg>5s</arg>
<doc>Pauses the test executed for the given time.</doc>
<status status="NOT RUN" start="2025-10-30T11:35:43.723459" elapsed="0.000000"/>
</kw>
<kw name="Wait Until Element Is Visible" owner="AppiumLibrary">
<arg>xpath=//android.widget.TextView[@text="OK"]</arg>
<arg>10s</arg>
<doc>Waits until the element specified by the ``locator`` is visible.</doc>
<status status="NOT RUN" start="2025-10-30T11:35:43.723459" elapsed="0.000000"/>
</kw>
<kw name="Click Element" owner="AppiumLibrary">
<arg>xpath=//android.view.ViewGroup[@content-desc="OK"]</arg>
<doc>Clicks the element identified by ``locator``.</doc>
<status status="NOT RUN" start="2025-10-30T11:35:43.724459" elapsed="0.000000"/>
</kw>
<kw name="Sleep" owner="BuiltIn">
<arg>5s</arg>
<doc>Pauses the test executed for the given time.</doc>
<status status="NOT RUN" start="2025-10-30T11:35:43.724459" elapsed="0.000000"/>
</kw>
<kw name="Wait Until Element Is Visible" owner="AppiumLibrary">
<arg>xpath=//android.widget.TextView[@text="Tour Execution"]</arg>
<arg>10s</arg>
<doc>Waits until the element specified by the ``locator`` is visible.</doc>
<status status="NOT RUN" start="2025-10-30T11:35:43.724459" elapsed="0.000000"/>
</kw>
<kw name="Click Element" owner="AppiumLibrary">
<arg>xpath=//android.view.ViewGroup[@content-desc="Save"]</arg>
<doc>Clicks the element identified by ``locator``.</doc>
<status status="NOT RUN" start="2025-10-30T11:35:43.725459" elapsed="0.000000"/>
</kw>
<kw name="Wait Until Element Is Visible" owner="AppiumLibrary">
<arg>xpath=//android.widget.TextView[contains(@text, "Contact")]</arg>
<arg>10s</arg>
<doc>Waits until the element specified by the ``locator`` is visible.</doc>
<status status="NOT RUN" start="2025-10-30T11:35:43.725459" elapsed="0.000000"/>
</kw>
<kw name="Sleep" owner="BuiltIn">
<arg>3s</arg>
<doc>Pauses the test executed for the given time.</doc>
<status status="NOT RUN" start="2025-10-30T11:35:43.725459" elapsed="0.000000"/>
</kw>
<kw name="Click Element" owner="AppiumLibrary">
<arg>xpath=//android.view.ViewGroup[@content-desc="Activities"]</arg>
<doc>Clicks the element identified by ``locator``.</doc>
<status status="NOT RUN" start="2025-10-30T11:35:43.725459" elapsed="0.000000"/>
</kw>
<kw name="Click Element" owner="AppiumLibrary">
<arg>xpath=//android.view.ViewGroup[@content-desc="Activities"]</arg>
<doc>Clicks the element identified by ``locator``.</doc>
<status status="NOT RUN" start="2025-10-30T11:35:43.726460" elapsed="0.000000"/>
</kw>
<kw name="Wait Until Element Is Visible" owner="AppiumLibrary">
<arg>xpath=//android.widget.TextView[contains(@text,"Activities")]</arg>
<arg>10s</arg>
<doc>Waits until the element specified by the ``locator`` is visible.</doc>
<status status="NOT RUN" start="2025-10-30T11:35:43.726460" elapsed="0.000000"/>
</kw>
<kw name="Sleep" owner="BuiltIn">
<arg>3s</arg>
<doc>Pauses the test executed for the given time.</doc>
<status status="NOT RUN" start="2025-10-30T11:35:43.726460" elapsed="0.000000"/>
</kw>
<kw name="Click Element" owner="AppiumLibrary">
<arg>xpath=//android.view.ViewGroup[@content-desc="Tour Plan"]</arg>
<doc>Clicks the element identified by ``locator``.</doc>
<status status="NOT RUN" start="2025-10-30T11:35:43.726460" elapsed="0.000000"/>
</kw>
<kw name="Wait Until Element Is Visible" owner="AppiumLibrary">
<arg>xpath=//android.widget.FrameLayout[@resource-id="android:id/content"]/android.widget.FrameLayout/android.view.ViewGroup/android.view.ViewGroup/android.view.ViewGroup[2]/android.view.ViewGroup</arg>
<arg>10s</arg>
<doc>Waits until the element specified by the ``locator`` is visible.</doc>
<status status="NOT RUN" start="2025-10-30T11:35:43.727456" elapsed="0.000000"/>
</kw>
<kw name="Click Element" owner="AppiumLibrary">
<arg>xpath=//android.widget.TextView[@text="Tour Execution"]</arg>
<doc>Clicks the element identified by ``locator``.</doc>
<status status="NOT RUN" start="2025-10-30T11:35:43.727456" elapsed="0.000000"/>
</kw>
<kw name="Wait Until Element Is Visible" owner="AppiumLibrary">
<arg>xpath=//android.widget.FrameLayout[@resource-id="android:id/content"]/android.widget.FrameLayout/android.view.ViewGroup/android.view.ViewGroup/android.view.ViewGroup/android.view.ViewGroup/android.view.ViewGroup/android.view.ViewGroup/android.view.ViewGroup/android.widget.FrameLayout/android.view.ViewGroup/android.view.ViewGroup/android.view.ViewGroup[1]/android.widget.FrameLayout/android.view.ViewGroup/android.view.ViewGroup/android.view.ViewGroup/android.view.ViewGroup/android.view.ViewGroup[1]/android.widget.FrameLayout/android.view.ViewGroup/android.view.ViewGroup/android.view.ViewGroup/android.view.ViewGroup/android.view.ViewGroup/android.view.ViewGroup/android.view.ViewGroup[3]/android.view.ViewGroup[@content-desc="Tour Execution"]</arg>
<arg>10s</arg>
<doc>Waits until the element specified by the ``locator`` is visible.</doc>
<status status="NOT RUN" start="2025-10-30T11:35:43.727456" elapsed="0.000000"/>
</kw>
<kw name="Sleep" owner="BuiltIn">
<arg>3s</arg>
<doc>Pauses the test executed for the given time.</doc>
<status status="NOT RUN" start="2025-10-30T11:35:43.727456" elapsed="0.000000"/>
</kw>
<kw name="Input Text" owner="AppiumLibrary">
<arg>xpath=//android.widget.EditText[@resource-id="@undefined/input"]</arg>
<arg>${CONTACT_NAME}</arg>
<doc>Types the given ``text`` into the text field identified by ``locator``.</doc>
<status status="NOT RUN" start="2025-10-30T11:35:43.728458" elapsed="0.000000"/>
</kw>
<kw name="Sleep" owner="BuiltIn">
<arg>2s</arg>
<doc>Pauses the test executed for the given time.</doc>
<status status="NOT RUN" start="2025-10-30T11:35:43.729459" elapsed="0.000000"/>
</kw>
<kw name="Wait Until Element Is Visible" owner="AppiumLibrary">
<arg>xpath=(//android.widget.TextView[contains(@text,"${CONTACT_NAME}")])[1]</arg>
<arg>10s</arg>
<doc>Waits until the element specified by the ``locator`` is visible.</doc>
<status status="NOT RUN" start="2025-10-30T11:35:43.734461" elapsed="0.000000"/>
</kw>
<kw name="Sleep" owner="BuiltIn">
<arg>3s</arg>
<doc>Pauses the test executed for the given time.</doc>
<status status="NOT RUN" start="2025-10-30T11:35:43.735457" elapsed="0.000000"/>
</kw>
<kw name="Click Element" owner="AppiumLibrary">
<arg>android=new UiScrollable(new UiSelector().scrollable(true)).scrollIntoView(new UiSelector().descriptionContains("${CONTACT_NAME}, ${TOUR_EXECUTION_DATE}, ${TOUR_EXECUTION_TIME}"))</arg>
<doc>Clicks the element identified by ``locator``.</doc>
<status status="NOT RUN" start="2025-10-30T11:35:43.735457" elapsed="0.000000"/>
</kw>
<kw name="Sleep" owner="BuiltIn">
<arg>3s</arg>
<doc>Pauses the test executed for the given time.</doc>
<status status="NOT RUN" start="2025-10-30T11:35:43.736460" elapsed="0.000000"/>
</kw>
<kw name="Click Element" owner="AppiumLibrary">
<arg>xpath=//android.view.ViewGroup[@content-desc="Dashboard"]</arg>
<doc>Clicks the element identified by ``locator``.</doc>
<status status="NOT RUN" start="2025-10-30T11:35:43.736460" elapsed="0.000000"/>
</kw>
<status status="FAIL" start="2025-10-30T11:34:56.795513" elapsed="46.940947">Element locator 'xpath=(//android.widget.TextView[@text="Sarah Thompson"])[4]' did not match any elements after 10 seconds</status>
</test>
<status status="FAIL" start="2025-10-30T11:34:56.785509" elapsed="46.951950"/>
</suite>
<status status="FAIL" start="2025-10-30T11:34:45.278184" elapsed="58.460271"/>
</suite>
<statistics>
<total>
<stat pass="1" fail="1" skip="0">All Tests</stat>
</total>
<tag>
</tag>
<suite>
<stat name="App &amp; Convert Tour Plan" id="s1" pass="1" fail="1" skip="0">App &amp; Convert Tour Plan</stat>
<stat name="App" id="s1-s1" pass="1" fail="0" skip="0">App &amp; Convert Tour Plan.App</stat>
<stat name="Convert Tour Plan" id="s1-s2" pass="0" fail="1" skip="0">App &amp; Convert Tour Plan.Convert Tour Plan</stat>
</suite>
</statistics>
<errors>
</errors>
</robot>
